Flutter crash report.
Please report a bug at https://github.com/flutter/flutter/issues.

## command

flutter run --machine --start-paused -d chrome --devtools-server-address http://127.0.0.1:9102/ --target /Users/air/Documents/GitHub/UuidMiner/lib/main.dart

## exception

HttpException: HttpException: Connection closed before full header was received, uri = http://localhost:58088/json

```
```

## flutter doctor

```
[✓] Flutter (Channel stable, 3.24.1, on macOS 15.0 24A5279h darwin-arm64, locale en-RU)
    • Flutter version 3.24.1 on channel stable at /usr/local/Caskroom/flutter/3.19.5/flutter
    • Upstream repository https://github.com/flutter/flutter.git
    • Framework revision 5874a72aa4 (4 weeks ago), 2024-08-20 16:46:00 -0500
    • Engine revision c9b9d5780d
    • Dart version 3.5.1
    • DevTools version 2.37.2

[✓] Android toolchain - develop for Android devices (Android SDK version 34.0.0)
    • Android SDK at /Users/air/Library/Android/sdk
    • Platform android-34, build-tools 34.0.0
    • Java binary at: /Applications/Android Studio.app/Contents/jbr/Contents/Home/bin/java
    • Java version OpenJDK Runtime Environment (build 17.0.9+0-17.0.9b1087.7-11185874)
    • All Android licenses accepted.

[✓] Xcode - develop for iOS and macOS (Xcode 15.3)
    • Xcode at /Applications/Xcode.app/Contents/Developer
    • Build 15E204a
    • CocoaPods version 1.15.2

[✓] Chrome - develop for the web
    • Chrome at /Applications/Google Chrome.app/Contents/MacOS/Google Chrome

[✓] Android Studio (version 2023.2)
    • Android Studio at /Applications/Android Studio.app/Contents
    • Flutter plugin can be installed from:
      🔨 https://plugins.jetbrains.com/plugin/9212-flutter
    • Dart plugin can be installed from:
      🔨 https://plugins.jetbrains.com/plugin/6351-dart
    • Java version OpenJDK Runtime Environment (build 17.0.9+0-17.0.9b1087.7-11185874)

[✓] VS Code (version 1.92.2)
    • VS Code at /Applications/Visual Studio Code.app/Contents
    • Flutter extension version 3.96.0

[✓] Connected device (5 available)
    • iPhone (Андрей) (mobile)        • 00008120-001A51021A9B401E            • ios            • iOS 18.0 22A3354
    • iPhone 14 (mobile)              • 2EAD043B-8F79-467A-BA67-35BBBB4ACAB9 • ios            • com.apple.CoreSimulator.SimRuntime.iOS-17-4 (simulator)
    • macOS (desktop)                 • macos                                • darwin-arm64   • macOS 15.0 24A5279h darwin-arm64
    • Mac Designed for iPad (desktop) • mac-designed-for-ipad                • darwin         • macOS 15.0 24A5279h darwin-arm64
    • Chrome (web)                    • chrome                               • web-javascript • Google Chrome 128.0.6613.138
    ! Error: Browsing on the local area network for iPad Pro (Андрей). Ensure the device is unlocked and attached with a cable or associated with the same local area network as this Mac.
      The device must be opted into Developer Mode to connect wirelessly. (code -27)

[✓] Network resources
    • All expected network resources are available.

• No issues found!
```
